<?xml version="1.0" encoding="UTF-8"?>
<!-- Generated by org.testng.reporters.JUnitXMLReporter -->
<testsuite ignored="0" hostname="LAPTOP-1BON3M7N" failures="2" tests="7" name="SBI Banking Test" time="69.07" errors="0" timestamp="2024-10-05T17:28:32 IST">
  <testcase classname="com.sbibanking.testCases.TC_LoginTest_001" name="loginTest" time="1.696"/>
  <testcase classname="com.sbibanking.testCases.TC_LoginDDT_002" name="loginDDt" time="9.31"/>
  <testcase classname="com.sbibanking.testCases.TC_LoginDDT_002" name="loginDDt" time="4.797">
    <failure type="java.lang.AssertionError" message="expected [true] but found [false]">
      <![CDATA[java.lang.AssertionError: expected [true] but found [false]
at com.sbibanking.testCases.TC_LoginDDT_002.loginDDt(TC_LoginDDT_002.java:36)
at java.base/java.util.ArrayList.forEach(ArrayList.java:1511)
... Removed 31 stack frames]]>
    </failure>
  </testcase> <!-- loginDDt -->
  <testcase classname="com.sbibanking.testCases.TC_LoginDDT_002" name="loginDDt" time="9.225"/>
  <testcase classname="com.sbibanking.testCases.TC_LoginDDT_002" name="loginDDt" time="4.921">
    <failure type="java.lang.AssertionError" message="expected [true] but found [false]">
      <![CDATA[java.lang.AssertionError: expected [true] but found [false]
at com.sbibanking.testCases.TC_LoginDDT_002.loginDDt(TC_LoginDDT_002.java:36)
at java.base/java.util.ArrayList.forEach(ArrayList.java:1511)
... Removed 31 stack frames]]>
    </failure>
  </testcase> <!-- loginDDt -->
  <testcase classname="com.sbibanking.testCases.TC_LoginDDT_002" name="loginDDt" time="8.948"/>
  <testcase classname="com.sbibanking.testCases.TC_AddCustomerTest_003" name="addNewCustomer" time="15.315"/>
</testsuite> <!-- SBI Banking Test -->
