<?xml version="1.0" encoding="UTF-8"?>
<testng-results ignored="0" total="2" passed="2" failed="0" skipped="0">
  <reporter-output>
  </reporter-output>
  <suite started-at="2024-10-08T18:24:27 IST" name="SBI_Banking_project" finished-at="2024-10-08T18:24:51 IST" duration-ms="23691">
    <groups>
    </groups>
    <test started-at="2024-10-08T18:24:27 IST" name="SBI Banking Test" finished-at="2024-10-08T18:24:51 IST" duration-ms="23691">
      <class name="com.sbibanking.testCases.TC_AddCustomerTest_003">
        <test-method is-config="true" signature="setup(java.lang.String)[pri:0, instance:com.sbibanking.testCases.TC_AddCustomerTest_003@3b07a0d6]" started-at="2024-10-08T18:24:33 IST" name="setup" finished-at="2024-10-08T18:24:35 IST" duration-ms="2549" status="PASS">
          <params>
            <param index="0">
              <value>
                <![CDATA[chrome]]>
              </value>
            </param>
          </params>
          <reporter-output>
          </reporter-output>
        </test-method> <!-- setup -->
        <test-method signature="addNewCustomer()[pri:0, instance:com.sbibanking.testCases.TC_AddCustomerTest_003@3b07a0d6]" started-at="2024-10-08T18:24:35 IST" name="addNewCustomer" finished-at="2024-10-08T18:24:51 IST" duration-ms="15401" status="PASS">
          <reporter-output>
          </reporter-output>
        </test-method> <!-- addNewCustomer -->
        <test-method is-config="true" signature="tearDown()[pri:0, instance:com.sbibanking.testCases.TC_AddCustomerTest_003@3b07a0d6]" started-at="2024-10-08T18:24:51 IST" name="tearDown" finished-at="2024-10-08T18:24:51 IST" duration-ms="131" status="PASS">
          <reporter-output>
          </reporter-output>
        </test-method> <!-- tearDown -->
      </class> <!-- com.sbibanking.testCases.TC_AddCustomerTest_003 -->
      <class name="com.sbibanking.testCases.TC_LoginTest_001">
        <test-method is-config="true" signature="setup(java.lang.String)[pri:0, instance:com.sbibanking.testCases.TC_LoginTest_001@ec756bd]" started-at="2024-10-08T18:24:28 IST" name="setup" finished-at="2024-10-08T18:24:31 IST" duration-ms="3467" status="PASS">
          <params>
            <param index="0">
              <value>
                <![CDATA[chrome]]>
              </value>
            </param>
          </params>
          <reporter-output>
          </reporter-output>
        </test-method> <!-- setup -->
        <test-method signature="loginTest()[pri:0, instance:com.sbibanking.testCases.TC_LoginTest_001@ec756bd]" started-at="2024-10-08T18:24:31 IST" name="loginTest" finished-at="2024-10-08T18:24:33 IST" duration-ms="1650" status="PASS">
          <reporter-output>
          </reporter-output>
        </test-method> <!-- loginTest -->
        <test-method is-config="true" signature="tearDown()[pri:0, instance:com.sbibanking.testCases.TC_LoginTest_001@ec756bd]" started-at="2024-10-08T18:24:33 IST" name="tearDown" finished-at="2024-10-08T18:24:33 IST" duration-ms="111" status="PASS">
          <reporter-output>
          </reporter-output>
        </test-method> <!-- tearDown -->
      </class> <!-- com.sbibanking.testCases.TC_LoginTest_001 -->
    </test> <!-- SBI Banking Test -->
  </suite> <!-- SBI_Banking_project -->
</testng-results>
