<?xml version="1.0" encoding="UTF-8"?>
<!-- Generated by org.testng.reporters.JUnitXMLReporter -->
<testsuite ignored="0" hostname="LAPTOP-1BON3M7N" failures="0" tests="2" name="SBI Banking Test" time="23.691" errors="0" timestamp="2024-10-08T18:24:51 IST">
  <testcase classname="com.sbibanking.testCases.TC_LoginTest_001" name="loginTest" time="1.65"/>
  <testcase classname="com.sbibanking.testCases.TC_AddCustomerTest_003" name="addNewCustomer" time="15.401"/>
</testsuite> <!-- SBI Banking Test -->
